0 verbose cli C:\Program Files\nodejs\node.exe C:\Users\Dell\AppData\Roaming\npm\node_modules\npm\bin\npm-cli.js
1 info using npm@11.1.0
2 info using node@v22.14.0
3 silly config load:file:C:\Users\Dell\AppData\Roaming\npm\node_modules\npm\npmrc
4 silly config load:file:e:\task manager app\task-management-app\.npmrc
5 silly config load:file:C:\Users\Dell\.npmrc
6 silly config load:file:C:\Users\Dell\AppData\Roaming\npm\etc\npmrc
7 verbose title npm view next description dist-tags.latest homepage version time
8 verbose argv "view" "--json" "--" "next" "description" "dist-tags.latest" "homepage" "version" "time"
9 verbose logfile logs-max:10 dir:e:\task manager app\task-management-app\clean\_logs\2025-04-03T15_27_24_629Z-
10 verbose logfile e:\task manager app\task-management-app\clean\_logs\2025-04-03T15_27_24_629Z-debug-0.log
11 silly logfile start cleaning logs, removing 1 files
12 silly logfile done cleaning log files
13 http fetch GET 200 https://registry.npmjs.org/next 2136ms (cache miss)
14 verbose cwd e:\task manager app\task-management-app
15 verbose os Windows_NT 10.0.19045
16 verbose node v22.14.0
17 verbose npm  v11.1.0
18 verbose exit 0
19 info ok
